<?xml version="1.0" encoding="UTF-8"?>
<!-- Generated by org.testng.reporters.JUnitXMLReporter -->
<testsuite ignored="0" hostname="DESKTOP-CTCH6FD" failures="0" tests="4" name="Default test" time="40.376" errors="0" timestamp="2024-06-22T12:36:11 IST">
  <testcase classname="crossBrowser.CategoriesPageCrossBrowser" name="excel" time="4.107"/>
  <testcase classname="crossBrowser.CategoriesPageCrossBrowser" name="categoriesAdd" time="16.351"/>
  <testcase classname="crossBrowser.CategoriesPageCrossBrowser" name="categoriesSearch" time="6.32"/>
  <testcase classname="crossBrowser.CategoriesPageCrossBrowser" name="deletecategoriesDetails" time="4.518"/>
</testsuite> <!-- Default test -->
