<?xml version="1.0" encoding="UTF-8"?>
<!-- Generated by org.testng.reporters.JUnitXMLReporter -->
<testsuite ignored="0" hostname="DESKTOP-CTCH6FD" failures="0" tests="7" name="Test" time="60.106" errors="0" timestamp="2024-06-26T20:55:00 IST">
  <testcase classname="sequentialTestCases.LoginPageSeq" name="excel" time="4.804"/>
  <testcase classname="sequentialTestCases.UnitPageSeq" name="unitAdd" time="11.798"/>
  <testcase classname="sequentialTestCases.UnitPageSeq" name="unitSearch" time="6.384"/>
  <testcase classname="sequentialTestCases.UnitPageSeq" name="deleteunit" time="3.779"/>
  <testcase classname="sequentialTestCases.CategoriesPageSeq" name="categoriesAdd" time="16.214"/>
  <testcase classname="sequentialTestCases.CategoriesPageSeq" name="categoriesSearch" time="6.342"/>
  <testcase classname="sequentialTestCases.CategoriesPageSeq" name="deletecategoriesDetails" time="3.722"/>
</testsuite> <!-- Test -->
