<?xml version="1.0" encoding="UTF-8"?>
<!-- Generated by org.testng.reporters.JUnitXMLReporter -->
<testsuite ignored="0" hostname="DESKTOP-CTCH6FD" failures="0" tests="4" name="Test2" time="30.774" errors="0" timestamp="2024-06-23T01:14:14 IST">
  <testcase classname="crossBrowser.UnitPageCrossBrowser" name="excel" time="3.025"/>
  <testcase classname="crossBrowser.UnitPageCrossBrowser" name="unitAdd" time="11.922"/>
  <testcase classname="crossBrowser.UnitPageCrossBrowser" name="unitSearch" time="6.365"/>
  <testcase classname="crossBrowser.UnitPageCrossBrowser" name="deleteunit" time="3.91"/>
</testsuite> <!-- Test2 -->
