<?xml version="1.0" encoding="UTF-8"?>
<!-- Generated by org.testng.reporters.JUnitXMLReporter -->
<testsuite ignored="1" hostname="DESKTOP-CTCH6FD" failures="1" tests="1" name="Test" time="25.633" errors="0" timestamp="2024-06-22T12:52:59 IST">
  <testcase classname="projectTestCases.LoginPage" name="logInFailed" time="16.443">
    <failure type="java.lang.NullPointerException" message="Cannot invoke &amp;quot;org.openqa.selenium.TakesScreenshot.getScreenshotAs(org.openqa.selenium.OutputType)&amp;quot; because &amp;quot;scrShot&amp;quot; is null">
      <![CDATA[java.lang.NullPointerException: Cannot invoke "org.openqa.selenium.TakesScreenshot.getScreenshotAs(org.openqa.selenium.OutputType)" because "scrShot" is null
at webdriverUtility.Driver.screenshot(Driver.java:49)
at testNGUtility.Retry.retry(Retry.java:24)
at java.base/java.util.ArrayList.forEach(ArrayList.java:1511)
... Removed 23 stack frames]]>
    </failure>
  </testcase> <!-- logInFailed -->
  <testcase classname="projectTestCases.LoginPage" name="excel" time="0.0">
    <ignored/>
  </testcase> <!-- excel -->
</testsuite> <!-- Test -->
