<?xml version="1.0" encoding="UTF-8"?>
<testng-results ignored="0" total="7" passed="7" failed="0" skipped="0">
  <reporter-output>
  </reporter-output>
  <suite started-at="2024-06-26T20:54:00 IST" name="Suite" finished-at="2024-06-26T20:55:00 IST" duration-ms="60106">
    <groups>
    </groups>
    <test started-at="2024-06-26T20:54:00 IST" name="Test" finished-at="2024-06-26T20:55:00 IST" duration-ms="60106">
      <class name="sequentialTestCases.LoginPageSeq">
        <test-method is-config="true" signature="beforeTest()[pri:0, instance:sequentialTestCases.LoginPageSeq@fa4c865]" started-at="2024-06-26T20:54:00 IST" name="beforeTest" finished-at="2024-06-26T20:54:06 IST" duration-ms="6751" status="PASS">
          <reporter-output>
          </reporter-output>
        </test-method> <!-- beforeTest -->
        <test-method signature="excel()[pri:1, instance:sequentialTestCases.LoginPageSeq@fa4c865]" started-at="2024-06-26T20:54:07 IST" name="excel" finished-at="2024-06-26T20:54:11 IST" duration-ms="4804" status="PASS">
          <reporter-output>
          </reporter-output>
        </test-method> <!-- excel -->
      </class> <!-- sequentialTestCases.LoginPageSeq -->
      <class name="sequentialTestCases.UnitPageSeq">
        <test-method signature="unitAdd(java.lang.String,java.lang.String)[pri:1, instance:sequentialTestCases.UnitPageSeq@23348b5d]" started-at="2024-06-26T20:54:11 IST" name="unitAdd" data-provider="testdata" finished-at="2024-06-26T20:54:23 IST" duration-ms="11798" status="PASS">
          <params>
            <param index="0">
              <value>
                <![CDATA[vidya_unit]]>
              </value>
            </param>
            <param index="1">
              <value>
                <![CDATA[vidhya]]>
              </value>
            </param>
          </params>
          <reporter-output>
          </reporter-output>
        </test-method> <!-- unitAdd -->
        <test-method signature="unitSearch()[pri:2, instance:sequentialTestCases.UnitPageSeq@23348b5d]" started-at="2024-06-26T20:54:23 IST" name="unitSearch" finished-at="2024-06-26T20:54:30 IST" duration-ms="6384" status="PASS">
          <reporter-output>
          </reporter-output>
        </test-method> <!-- unitSearch -->
        <test-method signature="deleteunit()[pri:3, instance:sequentialTestCases.UnitPageSeq@23348b5d]" started-at="2024-06-26T20:54:30 IST" name="deleteunit" finished-at="2024-06-26T20:54:33 IST" duration-ms="3779" status="PASS">
          <reporter-output>
          </reporter-output>
        </test-method> <!-- deleteunit -->
      </class> <!-- sequentialTestCases.UnitPageSeq -->
      <class name="sequentialTestCases.CategoriesPageSeq">
        <test-method signature="categoriesAdd(java.lang.String,java.lang.String)[pri:1, instance:sequentialTestCases.CategoriesPageSeq@70325e14]" started-at="2024-06-26T20:54:33 IST" name="categoriesAdd" data-provider="testdata" finished-at="2024-06-26T20:54:50 IST" duration-ms="16214" status="PASS">
          <params>
            <param index="0">
              <value>
                <![CDATA[utensils]]>
              </value>
            </param>
            <param index="1">
              <value>
                <![CDATA[abc]]>
              </value>
            </param>
          </params>
          <reporter-output>
          </reporter-output>
        </test-method> <!-- categoriesAdd -->
        <test-method signature="categoriesSearch()[pri:2, instance:sequentialTestCases.CategoriesPageSeq@70325e14]" started-at="2024-06-26T20:54:50 IST" name="categoriesSearch" finished-at="2024-06-26T20:54:56 IST" duration-ms="6342" status="PASS">
          <reporter-output>
          </reporter-output>
        </test-method> <!-- categoriesSearch -->
        <test-method signature="deletecategoriesDetails()[pri:3, instance:sequentialTestCases.CategoriesPageSeq@70325e14]" started-at="2024-06-26T20:54:56 IST" name="deletecategoriesDetails" finished-at="2024-06-26T20:55:00 IST" duration-ms="3722" status="PASS">
          <reporter-output>
          </reporter-output>
        </test-method> <!-- deletecategoriesDetails -->
        <test-method is-config="true" signature="afterTest()[pri:0, instance:sequentialTestCases.CategoriesPageSeq@70325e14]" started-at="2024-06-26T20:55:00 IST" name="afterTest" finished-at="2024-06-26T20:55:00 IST" duration-ms="90" status="PASS">
          <reporter-output>
          </reporter-output>
        </test-method> <!-- afterTest -->
      </class> <!-- sequentialTestCases.CategoriesPageSeq -->
    </test> <!-- Test -->
  </suite> <!-- Suite -->
</testng-results>
