<?xml version="1.0" encoding="UTF-8"?>
<testng-results ignored="0" total="5" passed="5" failed="0" skipped="0">
  <reporter-output>
  </reporter-output>
  <suite started-at="2024-06-23T01:13:30 IST" name="Suite" finished-at="2024-06-23T01:14:14 IST" duration-ms="44344">
    <groups>
    </groups>
    <test started-at="2024-06-23T01:13:30 IST" name="Test1" finished-at="2024-06-23T01:13:44 IST" duration-ms="13514">
      <class name="crossBrowser.LoginPageCrossBrowser">
        <test-method is-config="true" signature="beforeTest(java.lang.String)[pri:0, instance:crossBrowser.LoginPageCrossBrowser@7d20d0b]" started-at="2024-06-23T01:13:30 IST" name="beforeTest" finished-at="2024-06-23T01:13:39 IST" duration-ms="9205" status="PASS">
          <params>
            <param index="0">
              <value>
                <![CDATA[chrome]]>
              </value>
            </param>
          </params>
          <reporter-output>
          </reporter-output>
        </test-method> <!-- beforeTest -->
        <test-method signature="excel()[pri:1, instance:crossBrowser.LoginPageCrossBrowser@7d20d0b]" started-at="2024-06-23T01:13:39 IST" name="excel" finished-at="2024-06-23T01:13:43 IST" duration-ms="4129" status="PASS">
          <reporter-output>
          </reporter-output>
        </test-method> <!-- excel -->
        <test-method is-config="true" signature="afterTest()[pri:0, instance:crossBrowser.LoginPageCrossBrowser@7d20d0b]" started-at="2024-06-23T01:13:43 IST" name="afterTest" finished-at="2024-06-23T01:13:44 IST" duration-ms="121" status="PASS">
          <reporter-output>
          </reporter-output>
        </test-method> <!-- afterTest -->
      </class> <!-- crossBrowser.LoginPageCrossBrowser -->
    </test> <!-- Test1 -->
    <test started-at="2024-06-23T01:13:44 IST" name="Test2" finished-at="2024-06-23T01:14:14 IST" duration-ms="30774">
      <class name="crossBrowser.UnitPageCrossBrowser">
        <test-method is-config="true" signature="beforeTest(java.lang.String)[pri:0, instance:crossBrowser.UnitPageCrossBrowser@6db9f5a4]" started-at="2024-06-23T01:13:44 IST" name="beforeTest" finished-at="2024-06-23T01:13:49 IST" duration-ms="5342" status="PASS">
          <params>
            <param index="0">
              <value>
                <![CDATA[edge]]>
              </value>
            </param>
          </params>
          <reporter-output>
          </reporter-output>
        </test-method> <!-- beforeTest -->
        <test-method signature="excel()[pri:1, instance:crossBrowser.UnitPageCrossBrowser@6db9f5a4]" started-at="2024-06-23T01:13:49 IST" name="excel" finished-at="2024-06-23T01:13:52 IST" duration-ms="3025" status="PASS">
          <reporter-output>
          </reporter-output>
        </test-method> <!-- excel -->
        <test-method signature="unitAdd(java.lang.String,java.lang.String)[pri:2, instance:crossBrowser.UnitPageCrossBrowser@6db9f5a4]" started-at="2024-06-23T01:13:52 IST" name="unitAdd" data-provider="testdata" finished-at="2024-06-23T01:14:04 IST" duration-ms="11922" status="PASS">
          <params>
            <param index="0">
              <value>
                <![CDATA[vidya_unit]]>
              </value>
            </param>
            <param index="1">
              <value>
                <![CDATA[vidhya]]>
              </value>
            </param>
          </params>
          <reporter-output>
          </reporter-output>
        </test-method> <!-- unitAdd -->
        <test-method signature="unitSearch()[pri:3, instance:crossBrowser.UnitPageCrossBrowser@6db9f5a4]" started-at="2024-06-23T01:14:04 IST" name="unitSearch" finished-at="2024-06-23T01:14:10 IST" duration-ms="6365" status="PASS">
          <reporter-output>
          </reporter-output>
        </test-method> <!-- unitSearch -->
        <test-method signature="deleteunit()[pri:4, instance:crossBrowser.UnitPageCrossBrowser@6db9f5a4]" started-at="2024-06-23T01:14:10 IST" name="deleteunit" finished-at="2024-06-23T01:14:14 IST" duration-ms="3910" status="PASS">
          <reporter-output>
          </reporter-output>
        </test-method> <!-- deleteunit -->
        <test-method is-config="true" signature="afterTest()[pri:0, instance:crossBrowser.UnitPageCrossBrowser@6db9f5a4]" started-at="2024-06-23T01:14:14 IST" name="afterTest" finished-at="2024-06-23T01:14:14 IST" duration-ms="187" status="PASS">
          <reporter-output>
          </reporter-output>
        </test-method> <!-- afterTest -->
      </class> <!-- crossBrowser.UnitPageCrossBrowser -->
      <class name="crossBrowser.LoginPageCrossBrowser">
        <test-method is-config="true" signature="extendreportgenerate()[pri:0, instance:crossBrowser.LoginPageCrossBrowser@7d20d0b]" started-at="2024-06-23T01:13:30 IST" name="extendreportgenerate" finished-at="2024-06-23T01:13:30 IST" duration-ms="375" status="PASS">
          <reporter-output>
          </reporter-output>
        </test-method> <!-- extendreportgenerate -->
        <test-method is-config="true" signature="closereport()[pri:0, instance:crossBrowser.LoginPageCrossBrowser@7d20d0b]" started-at="2024-06-23T01:14:14 IST" name="closereport" finished-at="2024-06-23T01:14:15 IST" duration-ms="536" status="PASS">
          <reporter-output>
          </reporter-output>
        </test-method> <!-- closereport -->
      </class> <!-- crossBrowser.LoginPageCrossBrowser -->
    </test> <!-- Test2 -->
  </suite> <!-- Suite -->
</testng-results>
